code-creation,Stub,0x2d688cb06000,383,"JSEntryStub"
code-creation,Stub,0x2d688cb06180,383,"JSConstructEntryStub"
code-creation,Stub,0x2d688cb06300,794,"CEntryStub"
code-creation,Stub,0x2d688cb06620,1145,"CEntryStub"
code-creation,Stub,0x2d688cb06aa0,168,"StoreBufferOverflowStub"
code-creation,Stub,0x2d688cb06b60,388,"StoreBufferOverflowStub"
code-creation,Stub,0x2d688cb06d00,1765,"RecordWriteStub"
code-creation,Stub,0x2d688cb07400,1756,"RecordWriteStub"
code-creation,Stub,0x2d688cb07ae0,772,"RecordWriteStub"
code-creation,Stub,0x2d688cb07e00,1756,"RecordWriteStub"
code-creation,Stub,0x2d688cb084e0,1750,"RecordWriteStub"
code-creation,Stub,0x2d688cb08bc0,1810,"RecordWriteStub"
code-creation,Stub,0x2d688cb092e0,1786,"RecordWriteStub"
code-creation,Stub,0x2d688cb099e0,1756,"RecordWriteStub"
code-creation,Stub,0x2d688cb0a0c0,1768,"RecordWriteStub"
code-creation,Stub,0x2d688cb0a7c0,778,"RecordWriteStub"
code-creation,Stub,0x2d688cb0aae0,1750,"RecordWriteStub"
code-creation,Stub,0x2d688cb0b1c0,1769,"RecordWriteStub"
code-creation,Stub,0x2d688cb0b8c0,1807,"RecordWriteStub"
code-creation,Stub,0x2d688cb0bfe0,1786,"RecordWriteStub"
code-creation,Builtin,0x2d688cb0c6e0,115,"Illegal"
code-creation,Builtin,0x2d688cb0c760,115,"EmptyFunction"
code-creation,Builtin,0x2d688cb0c7e0,115,"InternalArrayCodeGeneric"
code-creation,Builtin,0x2d688cb0c860,115,"ArrayCodeGeneric"
code-creation,Builtin,0x2d688cb0c8e0,115,"ArrayPush"
code-creation,Builtin,0x2d688cb0c960,115,"ArrayPop"
code-creation,Builtin,0x2d688cb0c9e0,115,"ArrayShift"
code-creation,Builtin,0x2d688cb0ca60,115,"ArrayUnshift"
code-creation,Builtin,0x2d688cb0cae0,115,"ArraySlice"
code-creation,Builtin,0x2d688cb0cb60,115,"ArraySplice"
code-creation,Builtin,0x2d688cb0cbe0,115,"ArrayConcat"
code-creation,Builtin,0x2d688cb0cc60,120,"HandleApiCall"
code-creation,Builtin,0x2d688cb0cce0,120,"HandleApiCallConstruct"
code-creation,Builtin,0x2d688cb0cd60,115,"HandleApiCallAsFunction"
code-creation,Builtin,0x2d688cb0cde0,115,"HandleApiCallAsConstructor"
code-creation,Builtin,0x2d688cb0ce60,115,"StrictModePoisonPill"
code-creation,Builtin,0x2d688cb0cee0,260,"ArgumentsAdaptorTrampoline"
code-creation,Builtin,0x2d688cb0d000,111,"InRecompileQueue"
code-creation,Builtin,0x2d688cb0d080,648,"JSConstructStubCountdown"
code-creation,Builtin,0x2d688cb0d320,577,"JSConstructStubGeneric"
code-creation,Builtin,0x2d688cb0d580,554,"JSConstructStubApi"
code-creation,Builtin,0x2d688cb0d7c0,206,"JSEntryTrampoline"
code-creation,Stub,0x2d688cb0d8a0,196,"CallConstructStub"
code-creation,Builtin,0x2d688cb0d980,177,"JSConstructEntryTrampoline"
code-creation,Builtin,0x2d688cb0da40,160,"LazyCompile"
code-creation,Builtin,0x2d688cb0dae0,160,"LazyRecompile"
code-creation,Builtin,0x2d688cb0db80,169,"ParallelRecompile"
code-creation,Builtin,0x2d688cb0dc40,221,"NotifyDeoptimized"
code-creation,Builtin,0x2d688cb0dd20,221,"NotifyLazyDeoptimized"
code-creation,Builtin,0x2d688cb0de00,189,"NotifyOSR"
code-creation,Builtin,0x2d688cb0dec0,120,"LoadIC_Miss"
code-creation,Builtin,0x2d688cb0df40,120,"KeyedLoadIC_Miss"
code-creation,Builtin,0x2d688cb0dfc0,120,"KeyedLoadIC_MissForceGeneric"
code-creation,Builtin,0x2d688cb0e040,120,"KeyedLoadIC_Slow"
code-creation,Builtin,0x2d688cb0e0c0,121,"StoreIC_Miss"
code-creation,Builtin,0x2d688cb0e140,121,"KeyedStoreIC_Miss"
code-creation,Builtin,0x2d688cb0e1c0,121,"KeyedStoreIC_MissForceGeneric"
code-creation,Builtin,0x2d688cb0e240,121,"KeyedStoreIC_Slow"
code-creation,Builtin,0x2d688cb0e2c0,120,"LoadIC_Initialize"
code-creation,Builtin,0x2d688cb0e340,120,"LoadIC_PreMonomorphic"
code-creation,Stub,0x2d688cb0e3c0,972,"StringDictionaryLookupStub"
code-creation,Builtin,0x2d688cb0e7a0,353,"LoadIC_Normal"
code-creation,Builtin,0x2d688cb0e920,128,"LoadIC_ArrayLength"
code-creation,Builtin,0x2d688cb0e9a0,131,"LoadIC_StringLength"
code-creation,Builtin,0x2d688cb0ea40,178,"LoadIC_StringWrapperLength"
code-creation,Builtin,0x2d688cb0eb00,168,"LoadIC_FunctionPrototype"
code-creation,Builtin,0x2d688cb0ebc0,324,"LoadIC_Megamorphic"
code-creation,Builtin,0x2d688cb0ed20,134,"LoadIC_Getter_ForDeopt"
code-creation,Builtin,0x2d688cb0edc0,120,"KeyedLoadIC_Initialize"
code-creation,Builtin,0x2d688cb0ee40,120,"KeyedLoadIC_PreMonomorphic"
code-creation,Stub,0x2d688cb0eec0,972,"StringDictionaryLookupStub"
code-creation,Builtin,0x2d688cb0f2a0,1018,"KeyedLoadIC_Generic"
code-creation,Builtin,0x2d688cb0f6a0,721,"KeyedLoadIC_String"
code-creation,Builtin,0x2d688cb0f980,188,"KeyedLoadIC_IndexedInterceptor"
code-creation,Builtin,0x2d688cb0fa40,307,"KeyedLoadIC_NonStrictArguments"
code-creation,Builtin,0x2d688cb0fb80,121,"StoreIC_Initialize"
code-creation,Builtin,0x2d688cb0fc00,212,"StoreIC_ArrayLength"
code-creation,Stub,0x2d688cb0fce0,991,"StringDictionaryLookupStub"
code-creation,Builtin,0x2d688cb100c0,424,"StoreIC_Normal"
code-creation,Builtin,0x2d688cb10280,345,"StoreIC_Megamorphic"
code-creation,Builtin,0x2d688cb103e0,125,"StoreIC_GlobalProxy"
code-creation,Builtin,0x2d688cb10460,121,"StoreIC_Initialize_Strict"
code-creation,Builtin,0x2d688cb104e0,212,"StoreIC_ArrayLength_Strict"
code-creation,Builtin,0x2d688cb105c0,424,"StoreIC_Normal_Strict"
code-creation,Builtin,0x2d688cb10780,345,"StoreIC_Megamorphic_Strict"
code-creation,Builtin,0x2d688cb108e0,125,"StoreIC_GlobalProxy_Strict"
code-creation,Builtin,0x2d688cb10960,136,"StoreIC_Setter_ForDeopt"
code-creation,Builtin,0x2d688cb10a00,121,"KeyedStoreIC_Initialize"
code-creation,Builtin,0x2d688cb10a80,2425,"KeyedStoreIC_Generic"
code-creation,Builtin,0x2d688cb11400,121,"KeyedStoreIC_Initialize_Strict"
code-creation,Builtin,0x2d688cb11480,2425,"KeyedStoreIC_Generic_Strict"
code-creation,Builtin,0x2d688cb11e00,401,"KeyedStoreIC_NonStrictArguments"
code-creation,Builtin,0x2d688cb11fa0,476,"TransitionElementsSmiToDouble"
code-creation,Builtin,0x2d688cb12180,483,"TransitionElementsDoubleToObject"
code-creation,Builtin,0x2d688cb12380,483,"FunctionCall"
code-creation,Builtin,0x2d688cb12580,492,"FunctionApply"
code-creation,Stub,0x2d688cb12780,768,"RecordWriteStub"
code-creation,Builtin,0x2d688cb12a80,831,"InternalArrayCode"
code-creation,Builtin,0x2d688cb12dc0,831,"ArrayCode"
code-creation,Builtin,0x2d688cb13100,816,"ArrayConstructCode"
code-creation,Builtin,0x2d688cb13440,501,"StringConstructCode"
code-creation,Stub,0x2d688cb13640,113,"StackCheckStub"
code-creation,Builtin,0x2d688cb136c0,930,"OnStackReplacement"
code-creation,Builtin,0x2d688cb13a80,183,"Return_DebugBreak"
code-creation,Builtin,0x2d688cb13b40,179,"CallFunctionStub_DebugBreak"
code-creation,Builtin,0x2d688cb13c00,181,"CallFunctionStub_Recording_DebugBreak"
code-creation,Builtin,0x2d688cb13cc0,215,"CallConstructStub_DebugBreak"
code-creation,Builtin,0x2d688cb13da0,217,"CallConstructStub_Recording_DebugBreak"
code-creation,Builtin,0x2d688cb13e80,181,"LoadIC_DebugBreak"
code-creation,Builtin,0x2d688cb13f40,181,"KeyedLoadIC_DebugBreak"
code-creation,Builtin,0x2d688cb14000,183,"StoreIC_DebugBreak"
code-creation,Builtin,0x2d688cb140c0,183,"KeyedStoreIC_DebugBreak"
code-creation,Builtin,0x2d688cb14180,181,"Slot_DebugBreak"
code-creation,Builtin,0x2d688cb14240,97,"PlainReturn_LiveEdit"
code-creation,Builtin,0x2d688cb142c0,137,"FrameDropper_LiveEdit"
code-creation,Stub,0x2d688cb06000,383,"JSEntryStub"
code-creation,Stub,0x2d688cb06180,383,"JSEntryStub"
code-creation,Stub,0x2d688cb06300,794,"CEntryStub"
code-creation,Stub,0x2d688cb06620,1145,"CEntryStub"
code-creation,Stub,0x2d688cb06aa0,168,"StoreBufferOverflowStub"
code-creation,Stub,0x2d688cb06b60,388,"StoreBufferOverflowStub"
code-creation,Stub,0x2d688cb06d00,1765,"RecordWriteStub"
code-creation,Stub,0x2d688cb07400,1756,"RecordWriteStub"
code-creation,Stub,0x2d688cb07ae0,772,"RecordWriteStub"
code-creation,Stub,0x2d688cb07e00,1756,"RecordWriteStub"
code-creation,Stub,0x2d688cb084e0,1750,"RecordWriteStub"
code-creation,Stub,0x2d688cb08bc0,1810,"RecordWriteStub"
code-creation,Stub,0x2d688cb092e0,1786,"RecordWriteStub"
code-creation,Stub,0x2d688cb099e0,1756,"RecordWriteStub"
code-creation,Stub,0x2d688cb0a0c0,1768,"RecordWriteStub"
code-creation,Stub,0x2d688cb0a7c0,778,"RecordWriteStub"
code-creation,Stub,0x2d688cb0aae0,1750,"RecordWriteStub"
code-creation,Stub,0x2d688cb0b1c0,1769,"RecordWriteStub"
code-creation,Stub,0x2d688cb0b8c0,1807,"RecordWriteStub"
code-creation,Stub,0x2d688cb0bfe0,1786,"RecordWriteStub"
code-creation,Builtin,0x2d688cb0c6e0,115,"A builtin from the snapshot"
code-creation,Builtin,0x2d688cb0c760,115,"A builtin from the snapshot"
code-creation,Builtin,0x2d688cb0c7e0,115,"A builtin from the snapshot"
code-creation,Builtin,0x2d688cb0c860,115,"A builtin from the snapshot"
code-creation,Builtin,0x2d688cb0c8e0,115,"A builtin from the snapshot"
code-creation,Builtin,0x2d688cb0c960,115,"A builtin from the snapshot"
code-creation,Builtin,0x2d688cb0c9e0,115,"A builtin from the snapshot"
code-creation,Builtin,0x2d688cb0ca60,115,"A builtin from the snapshot"
code-creation,Builtin,0x2d688cb0cae0,115,"A builtin from the snapshot"
code-creation,Builtin,0x2d688cb0cb60,115,"A builtin from the snapshot"
code-creation,Builtin,0x2d688cb0cbe0,115,"A builtin from the snapshot"
code-creation,Builtin,0x2d688cb0cc60,120,"A builtin from the snapshot"
code-creation,Builtin,0x2d688cb0cce0,120,"A builtin from the snapshot"
code-creation,Builtin,0x2d688cb0cd60,115,"A builtin from the snapshot"
code-creation,Builtin,0x2d688cb0cde0,115,"A builtin from the snapshot"
code-creation,Builtin,0x2d688cb0ce60,115,"A builtin from the snapshot"
code-creation,Builtin,0x2d688cb0cee0,260,"A builtin from the snapshot"
code-creation,Builtin,0x2d688cb0d000,111,"A builtin from the snapshot"
code-creation,Builtin,0x2d688cb0d080,648,"A builtin from the snapshot"
code-creation,Builtin,0x2d688cb0d320,577,"A builtin from the snapshot"
code-creation,Builtin,0x2d688cb0d580,554,"A builtin from the snapshot"
code-creation,Builtin,0x2d688cb0d7c0,206,"A builtin from the snapshot"
code-creation,Stub,0x2d688cb0d8a0,196,"CallConstructStub"
code-creation,Builtin,0x2d688cb0d980,177,"A builtin from the snapshot"
code-creation,Builtin,0x2d688cb0da40,160,"A builtin from the snapshot"
code-creation,Builtin,0x2d688cb0dae0,160,"A builtin from the snapshot"
code-creation,Builtin,0x2d688cb0db80,169,"A builtin from the snapshot"
code-creation,Builtin,0x2d688cb0dc40,221,"A builtin from the snapshot"
code-creation,Builtin,0x2d688cb0dd20,221,"A builtin from the snapshot"
code-creation,Builtin,0x2d688cb0de00,189,"A builtin from the snapshot"
code-creation,Builtin,0x2d688cb0dec0,120,"A builtin from the snapshot"
code-creation,Builtin,0x2d688cb0df40,120,"A builtin from the snapshot"
code-creation,Builtin,0x2d688cb0dfc0,120,"A builtin from the snapshot"
code-creation,Builtin,0x2d688cb0e040,120,"A builtin from the snapshot"
code-creation,Builtin,0x2d688cb0e0c0,121,"A builtin from the snapshot"
code-creation,Builtin,0x2d688cb0e140,121,"A builtin from the snapshot"
code-creation,Builtin,0x2d688cb0e1c0,121,"A builtin from the snapshot"
code-creation,Builtin,0x2d688cb0e240,121,"A builtin from the snapshot"
code-creation,LoadIC,0x2d688cb0e2c0,120,"A load IC from the snapshot"
code-creation,LoadIC,0x2d688cb0e340,120,"A load IC from the snapshot"
code-creation,Stub,0x2d688cb0e3c0,972,"StringDictionaryLookupStub"
code-creation,LoadIC,0x2d688cb0e7a0,353,"A load IC from the snapshot"
code-creation,LoadIC,0x2d688cb0e920,128,"A load IC from the snapshot"
code-creation,LoadIC,0x2d688cb0e9a0,131,"A load IC from the snapshot"
code-creation,LoadIC,0x2d688cb0ea40,178,"A load IC from the snapshot"
code-creation,LoadIC,0x2d688cb0eb00,168,"A load IC from the snapshot"
code-creation,LoadIC,0x2d688cb0ebc0,324,"A load IC from the snapshot"
code-creation,LoadIC,0x2d688cb0ed20,134,"A load IC from the snapshot"
code-creation,KeyedLoadIC,0x2d688cb0edc0,120,"A keyed load IC from the snapshot"
code-creation,KeyedLoadIC,0x2d688cb0ee40,120,"A keyed load IC from the snapshot"
code-creation,Stub,0x2d688cb0eec0,972,"StringDictionaryLookupStub"
code-creation,KeyedLoadIC,0x2d688cb0f2a0,1018,"A keyed load IC from the snapshot"
code-creation,KeyedLoadIC,0x2d688cb0f6a0,721,"A keyed load IC from the snapshot"
code-creation,KeyedLoadIC,0x2d688cb0f980,188,"A keyed load IC from the snapshot"
code-creation,KeyedLoadIC,0x2d688cb0fa40,307,"A keyed load IC from the snapshot"
code-creation,StoreIC,0x2d688cb0fb80,121,"A store IC from the snapshot"
code-creation,StoreIC,0x2d688cb0fc00,212,"A store IC from the snapshot"
code-creation,Stub,0x2d688cb0fce0,991,"StringDictionaryLookupStub"
code-creation,StoreIC,0x2d688cb100c0,424,"A store IC from the snapshot"
code-creation,StoreIC,0x2d688cb10280,345,"A store IC from the snapshot"
code-creation,StoreIC,0x2d688cb103e0,125,"A store IC from the snapshot"
code-creation,StoreIC,0x2d688cb10460,121,"A store IC from the snapshot"
code-creation,StoreIC,0x2d688cb104e0,212,"A store IC from the snapshot"
code-creation,StoreIC,0x2d688cb105c0,424,"A store IC from the snapshot"
code-creation,StoreIC,0x2d688cb10780,345,"A store IC from the snapshot"
code-creation,StoreIC,0x2d688cb108e0,125,"A store IC from the snapshot"
code-creation,StoreIC,0x2d688cb10960,136,"A store IC from the snapshot"
code-creation,KeyedStoreIC,0x2d688cb10a00,121,"A keyed store IC from the snapshot"
code-creation,KeyedStoreIC,0x2d688cb10a80,2425,"A keyed store IC from the snapshot"
code-creation,KeyedStoreIC,0x2d688cb11400,121,"A keyed store IC from the snapshot"
code-creation,KeyedStoreIC,0x2d688cb11480,2425,"A keyed store IC from the snapshot"
code-creation,KeyedStoreIC,0x2d688cb11e00,401,"A keyed store IC from the snapshot"
code-creation,Builtin,0x2d688cb11fa0,476,"A builtin from the snapshot"
code-creation,Builtin,0x2d688cb12180,483,"A builtin from the snapshot"
code-creation,Builtin,0x2d688cb12380,483,"A builtin from the snapshot"
code-creation,Builtin,0x2d688cb12580,492,"A builtin from the snapshot"
code-creation,Stub,0x2d688cb12780,768,"RecordWriteStub"
code-creation,Builtin,0x2d688cb12a80,831,"A builtin from the snapshot"
code-creation,Builtin,0x2d688cb12dc0,831,"A builtin from the snapshot"
code-creation,Builtin,0x2d688cb13100,816,"A builtin from the snapshot"
code-creation,Builtin,0x2d688cb13440,501,"A builtin from the snapshot"
code-creation,Stub,0x2d688cb13640,113,"StackCheckStub"
code-creation,Builtin,0x2d688cb136c0,930,"A builtin from the snapshot"
code-creation,Builtin,0x2d688cb13a80,183,"A builtin from the snapshot"
code-creation,Builtin,0x2d688cb13b40,179,"A builtin from the snapshot"
code-creation,Builtin,0x2d688cb13c00,181,"A builtin from the snapshot"
code-creation,Builtin,0x2d688cb13cc0,215,"A builtin from the snapshot"
code-creation,Builtin,0x2d688cb13da0,217,"A builtin from the snapshot"
code-creation,LoadIC,0x2d688cb13e80,181,"A load IC from the snapshot"
code-creation,KeyedLoadIC,0x2d688cb13f40,181,"A keyed load IC from the snapshot"
code-creation,StoreIC,0x2d688cb14000,183,"A store IC from the snapshot"
code-creation,KeyedStoreIC,0x2d688cb140c0,183,"A keyed store IC from the snapshot"
code-creation,Builtin,0x2d688cb14180,181,"A builtin from the snapshot"
code-creation,Builtin,0x2d688cb14240,97,"A builtin from the snapshot"
code-creation,Builtin,0x2d688cb142c0,137,"A builtin from the snapshot"
code-creation,Stub,0x2d688cb14360,255,"CallConstructStub_Recording"
code-creation,Stub,0x2d688cb14460,113,"InterruptStub"
code-creation,Script,0x2d688cb144e0,844,"native runtime.js",0x3eba26d1aa98,
code-creation,CallInitialize,0x2d688cb14840,244,"args_count: 1"
code-creation,CallInitialize,0x2d688cb14940,244,"args_count: 2"
code-creation,LazyCompile,0x2d688cb14a40,1884,"EQUALS native runtime.js:54",0x3eba26d18aa0,
code-creation,LazyCompile,0x2d688cb151a0,432,"STRICT_EQUALS native runtime.js:100",0x3eba26d18b40,
code-creation,Stub,0x2d688cb15360,272,"StringCompareStub"
code-creation,Stub,0x2d688cb15480,173,"CompareICStub"
code-creation,LazyCompile,0x2d688cb15540,1044,"COMPARE native runtime.js:120",0x3eba26d18be0,
code-creation,Stub,0x2d688cb15960,1497,"StringAddStub"
code-creation,LazyCompile,0x2d688cb15f40,696,"ADD native runtime.js:163",0x3eba26d18c80,
code-creation,LazyCompile,0x2d688cb16200,360,"SUB native runtime.js:214",0x3eba26d18e60,
code-creation,LazyCompile,0x2d688cb16380,360,"MUL native runtime.js:222",0x3eba26d18f00,
code-creation,LazyCompile,0x2d688cb16500,360,"DIV native runtime.js:230",0x3eba26d18fa0,
code-creation,LazyCompile,0x2d688cb16680,360,"MOD native runtime.js:238",0x3eba26d19040,
code-creation,LazyCompile,0x2d688cb16800,360,"BIT_OR native runtime.js:252",0x3eba26d190e0,
code-creation,LazyCompile,0x2d688cb16980,468,"BIT_AND native runtime.js:260",0x3eba26d19180,
code-creation,LazyCompile,0x2d688cb16b60,360,"BIT_XOR native runtime.js:282",0x3eba26d19220,
code-creation,LazyCompile,0x2d688cb16ce0,296,"UNARY_MINUS native runtime.js:290",0x3eba26d192c0,
code-creation,LazyCompile,0x2d688cb16e20,296,"BIT_NOT native runtime.js:297",0x3eba26d19360,
code-creation,LazyCompile,0x2d688cb16f60,360,"SHL native runtime.js:304",0x3eba26d19400,
code-creation,LazyCompile,0x2d688cb170e0,468,"SAR native runtime.js:312",0x3eba26d194a0,
code-creation,LazyCompile,0x2d688cb172c0,360,"SHR native runtime.js:334",0x3eba26d19540,
code-creation,LazyCompile,0x2d688cb17440,284,"DELETE native runtime.js:348",0x3eba26d195e0,
code-creation,Stub,0x2d688cb17560,268,"FastCloneShallowArrayStub"
code-creation,LazyCompile,0x2d688cb17680,540,"IN native runtime.js:354",0x3eba26d19680,
code-creation,Stub,0x2d688cb178a0,173,"CompareICStub"
code-creation,Stub,0x2d688cb17960,260,"FastCloneShallowArrayStub"
code-creation,Stub,0x2d688cb17a80,122,"ToBooleanStub_None"
code-creation,LazyCompile,0x2d688cb17b00,844,"INSTANCE_OF native runtime.js:367",0x3eba26d19720,
code-creation,LazyCompile,0x2d688cb17e60,292,"FILTER_KEY native runtime.js:398",0x3eba26d197c0,
code-creation,Stub,0x2d688cb17fa0,511,"ArgumentsAccessStub_NewNonStrictFast"
code-creation,LazyCompile,0x2d688cb181a0,500,"CALL_NON_FUNCTION native runtime.js:405",0x3eba26d19860,
code-creation,LazyCompile,0x2d688cb183a0,500,"CALL_NON_FUNCTION_AS_CONSTRUCTOR native runtime.js:414",0x3eba26d19900,
code-creation,Stub,0x2d688cb185a0,146,"BinaryOpStub_SUB_Alloc_Uninitialized"
code-creation,Stub,0x2d688cb18640,217,"ArgumentsAccessStub_ReadElement"
code-creation,LazyCompile,0x2d688cb18720,344,"CALL_FUNCTION_PROXY native runtime.js:423",0x3eba26d199a0,
code-creation,LazyCompile,0x2d688cb18880,316,"CALL_FUNCTION_PROXY_AS_CONSTRUCTOR native runtime.js:431",0x3eba26d19a40,
code-creation,LazyCompile,0x2d688cb189c0,232,"TO_OBJECT native runtime.js:482",0x3eba26d19c20,
code-creation,LazyCompile,0x2d688cb18ac0,232,"TO_NUMBER native runtime.js:488",0x3eba26d19cc0,
code-creation,LazyCompile,0x2d688cb18bc0,232,"TO_STRING native runtime.js:494",0x3eba26d19d60,
code-creation,Stub,0x2d688cb18cc0,260,"NumberToStringStub"
code-creation,LazyCompile,0x2d688cb18de0,708,"STRING_ADD_LEFT native runtime.js:183",0x3eba26d18d20,
code-creation,LazyCompile,0x2d688cb190c0,720,"STRING_ADD_RIGHT native runtime.js:198",0x3eba26d18dc0,
code-creation,Stub,0x2d688cb193a0,173,"CompareICStub"
code-creation,Stub,0x2d688cb19460,173,"CompareICStub"
code-creation,Stub,0x2d688cb19520,173,"CompareICStub"
code-creation,Stub,0x2d688cb195e0,232,"FastCloneShallowArrayStub"
code-creation,LazyCompile,0x2d688cb196e0,1264,"APPLY_PREPARE native runtime.js:438",0x3eba26d19ae0,
code-creation,LazyCompile,0x2d688cb19be0,284,"APPLY_OVERFLOW native runtime.js:476",0x3eba26d19b80,
code-creation,CallInitialize,0x2d688cb19d00,243,"args_count: 0"
code-creation,CallInitialize,0x2d688cb19e00,246,"args_count: 12"
code-creation,CallInitialize,0x2d688cb19f00,255,"args_count: 38"
code-creation,CallInitialize,0x2d688cb1a000,246,"args_count: 3"
code-creation,Script,0x2d688cb1a100,2592,"native v8natives.js",0x3eba26d21228,
code-creation,CallPreMonomorphic,0x2d688cb1ab20,243,"args_count: 0"
code-creation,CallInitialize,0x2d688cb1ac20,246,"args_count: 10"
code-creation,LazyCompile,0x2d688cb1ad20,672,"SetUpGlobal native v8natives.js:177",0x3eba26d1d5e0,
code-creation,CallPreMonomorphic,0x2d688cb1afc0,246,"args_count: 10"
code-creation,CallPreMonomorphic,0x2d688cb1b0c0,246,"args_count: 3"
code-creation,Stub,0x2d688cb1b1c0,146,"BinaryOpStub_SAR_Alloc_Uninitialized"
code-creation,Stub,0x2d688cb1b260,146,"BinaryOpStub_ADD_Alloc_Uninitialized"
code-creation,LazyCompile,0x2d688cb1b300,676,"InstallFunctions native v8natives.js:48",0x3eba26d1d180,
code-creation,Stub,0x2d688cb1b5c0,195,"CompareICStub"
code-creation,Stub,0x2d688cb1b6a0,302,"BinaryOpStub_SAR_Alloc_SMI"
code-creation,Stub,0x2d688cb1b7e0,195,"CompareICStub"
code-creation,Stub,0x2d688cb1b8c0,204,"KeyedLoadElementStub"
code-creation,KeyedLoadIC,0x2d688cb1b9a0,130,""
code-creation,KeyedLoadIC,0x2d688cb1b9a0,130,"args_count: 0"
code-creation,Stub,0x2d688cb1ba40,302,"BinaryOpStub_ADD_Alloc_SMI"
code-creation,CallInitialize,0x2d688cb1bb80,246,"args_count: 1"
code-creation,LazyCompile,0x2d688cb1bc80,380," native v8natives.js:205",0x3eba26d203e0,
code-creation,LazyCompile,0x2d688cb1bc80,380," native v8natives.js:205",0x3eba26d203e0,
code-creation,CallPreMonomorphic,0x2d688cb1be00,246,"args_count: 1"
code-creation,LazyCompile,0x2d688cb1bf00,496,"ToBoolean native runtime.js:517",0x3eba26d19ea0,
code-creation,StoreIC,0x2d688cb1c100,189,"constructor"
code-creation,StoreIC,0x2d688cb1c100,189,"constructor"
code-creation,CallPreMonomorphic,0x2d688cb1c1c0,246,"args_count: 12"
code-creation,CallPreMonomorphic,0x2d688cb1c2c0,255,"args_count: 38"
code-creation,Stub,0x2d688cb1c3c0,146,"BinaryOpStub_ADD_OverwriteLeft_Uninitialized"
code-creation,Stub,0x2d688cb1c460,139,"ToNumberStub"
code-creation,LazyCompile,0x2d688cb1c500,988,"SetUpLockedPrototype native v8natives.js:67",0x3eba26d1d220,
code-creation,Stub,0x2d688cb1c8e0,165,"ToBooleanStub_SpecObject"
code-creation,Stub,0x2d688cb1c9a0,302,"BinaryOpStub_ADD_OverwriteLeft_SMI"
code-creation,Stub,0x2d688cb1cae0,242,"FastCloneShallowObjectStub"
code-creation,LazyCompile,0x2d688cb1cbe0,440," native v8natives.js:1271",0x3eba26d21060,
code-creation,LazyCompile,0x2d688cb1cbe0,440," native v8natives.js:1271",0x3eba26d21060,
code-creation,CallInitialize,0x2d688cb1cda0,255,"args_count: 20"
code-creation,CallInitialize,0x2d688cb1cea0,255,"args_count: 28"
code-creation,LazyCompile,0x2d688cb1cfa0,1140,"SetUpObject native v8natives.js:1286",0x3eba26d1f3e0,
code-creation,CallPreMonomorphic,0x2d688cb1d420,255,"args_count: 20"
code-creation,CallPreMonomorphic,0x2d688cb1d520,255,"args_count: 28"
code-creation,CallInitialize,0x2d688cb1d620,246,"args_count: 4"
code-creation,LazyCompile,0x2d688cb1d720,364,"SetUpBoolean native v8natives.js:1351",0x3eba26d1f5c0,
code-creation,CallPreMonomorphic,0x2d688cb1d8a0,246,"args_count: 4"
code-creation,LazyCompile,0x2d688cb1d9a0,424," native v8natives.js:1366",0x3eba26d21100,
code-creation,LazyCompile,0x2d688cb1d9a0,424," native v8natives.js:1366",0x3eba26d21100,
code-creation,Stub,0x2d688cb1db60,187,"CompareICStub"
code-creation,LazyCompile,0x2d688cb1dc20,540,"ToNumber native runtime.js:527",0x3eba26d19f40,
code-creation,LazyCompile,0x2d688cb1de40,1256,"SetUpNumber native v8natives.js:1489",0x3eba26d1fb60,
code-creation,CallInitialize,0x2d688cb1e340,246,"args_count: 2"
code-creation,LazyCompile,0x2d688cb1e440,1148,"NewFunction native v8natives.js:1640",0x3eba26d1fde0,
code-creation,LazyCompile,0x2d688cb1e440,1148,"NewFunction native v8natives.js:1640",0x3eba26d1fde0,
code-creation,LazyCompile,0x2d688cb1e8c0,364,"SetUpFunction native v8natives.js:1668",0x3eba26d1fe80,
code-creation,Script,0x2d688cb1ea40,352,"native array.js",0x3eba26d25158,
code-creation,Stub,0x2d688cb1eba0,228,"FastNewContextStub"
code-creation,Stub,0x2d688cb1eca0,402,"FastNewClosureStub"
code-creation,Stub,0x2d688cb1ee40,317,"CallFunctionStub_Args2_Recording"
code-creation,Stub,0x2d688cb1ef80,317,"CallFunctionStub_Args3_Recording"
code-creation,CallInitialize,0x2d688cb1f0c0,255,"args_count: 42"
code-creation,CallInitialize,0x2d688cb1f1c0,246,"args_count: 6"
code-creation,LazyCompile,0x2d688cb1f2c0,2784,"SetUpArray native array.js:1494",0x3eba26d24df0,
code-creation,CallPreMonomorphic,0x2d688cb1fda0,246,"args_count: 2"
code-creation,LazyCompile,0x2d688cb1fea0,344,"SetUpArray.b native array.js:1507",0x3eba26d25f10,
code-creation,CallPreMonomorphic,0x2d688cb20000,244,"args_count: 1"
code-creation,LazyCompile,0x2d688cb20100,552,"hasOwnProperty native v8natives.js:249",0x3eba26d1d860,
code-creation,Stub,0x2d688cb20340,151,"ToBooleanStub_Bool"
code-creation,CallMiss,0x2d688cb203e0,244,"args_count: 1"
code-creation,CallIC,0x2d688cb204e0,187,"hasOwnProperty"
code-creation,KeyedLoadIC,0x2d688cb205a0,160,"push"
code-creation,KeyedLoadIC,0x2d688cb205a0,160,"push"
code-creation,KeyedLoadIC,0x2d688cb20640,160,"concat"
code-creation,KeyedLoadIC,0x2d688cb20640,160,"concat"
code-creation,CallPreMonomorphic,0x2d688cb206e0,255,"args_count: 42"
code-creation,CallPreMonomorphic,0x2d688cb207e0,246,"args_count: 6"
code-creation,Stub,0x2d688cb208e0,232,"FastCloneShallowArrayStub"
code-creation,Script,0x2d688cb209e0,1012,"native string.js",0x3eba26d29210,
code-creation,LazyCompile,0x2d688cb20de0,476," native string.js:36",0x3eba26d28ef8,
code-creation,LazyCompile,0x2d688cb20de0,476," native string.js:36",0x3eba26d28ef8,
code-creation,CallInitialize,0x2d688cb20fc0,255,"args_count: 70"
code-creation,LazyCompile,0x2d688cb210c0,1616,"SetUpString native string.js:940",0x3eba26d28b48,
code-creation,CallPreMonomorphic,0x2d688cb21720,255,"args_count: 70"
code-creation,Script,0x2d688cb21820,348,"native uri.js",0x3eba26d2b2f8,
code-creation,LazyCompile,0x2d688cb21980,476,"SetUpUri native uri.js:410",0x3eba26d2b0a0,
code-creation,Script,0x2d688cb21b60,660,"native math.js",0x3eba26d2c8b8,
code-creation,LazyCompile,0x2d688cb21e00,196,"MathConstructor native math.js:37",0x3eba26d2ba40,
code-creation,CallInitialize,0x2d688cb21ee0,255,"args_count: 36"
code-creation,LazyCompile,0x2d688cb21fe0,1556,"SetUpMath native math.js:223",0x3eba26d2c620,
code-creation,CallPreMonomorphic,0x2d688cb22600,255,"args_count: 36"
code-creation,CallInitialize,0x2d688cb22700,246,"args_count: 7"
code-creation,CallInitialize,0x2d688cb22800,246,"args_count: 14"
code-creation,CallInitialize,0x2d688cb22900,246,"args_count: 5"
code-creation,CallInitialize,0x2d688cb22a00,255,"args_count: 32"
code-creation,Script,0x2d688cb22b00,2656,"native messages.js",0x3eba26d32bc8,
code-creation,LazyCompile,0x2d688cb23560,276," native messages.js:131",0x3eba26d32aa0,
code-creation,LazyCompile,0x2d688cb23560,276," native messages.js:131",0x3eba26d32aa0,
code-creation,CallPreMonomorphic,0x2d688cb23680,246,"args_count: 7"
code-creation,CallPreMonomorphic,0x2d688cb23780,246,"args_count: 14"
code-creation,CallPreMonomorphic,0x2d688cb23880,246,"args_count: 5"
code-creation,CallPreMonomorphic,0x2d688cb23980,255,"args_count: 32"
code-creation,Stub,0x2d688cb23a80,317,"CallFunctionStub_Args1_Recording"
code-creation,LazyCompile,0x2d688cb23bc0,612,"SetUpError native messages.js:1128",0x3eba26d32440,
code-creation,Stub,0x2d688cb23e40,1753,"RecordWriteStub"
code-creation,LazyCompile,0x2d688cb24520,936,"SetUpError.a native messages.js:1131",0x3eba26d34138,
code-creation,Stub,0x2d688cb248e0,1458,"StringAddStub"
code-creation,Stub,0x2d688cb24ea0,204,"BinaryOpStub_ADD_Alloc_BothStrings"
code-creation,Stub,0x2d688cb24f80,214,"CompareICStub"
code-creation,LazyCompile,0x2d688cb25060,196,"d native messages.js:1147",0x3eba26d34710,
code-creation,LazyCompile,0x2d688cb25140,652," native messages.js:1157",0x3eba26d347b0,
code-creation,LazyCompile,0x2d688cb25140,652," native messages.js:1157",0x3eba26d347b0,
code-creation,LoadIC,0x2d688cb253e0,147,"global"
code-creation,LoadIC,0x2d688cb253e0,147,"global"
code-creation,LoadIC,0x2d688cb25480,147,"builtins"
code-creation,LoadIC,0x2d688cb25480,147,"builtins"
code-creation,Stub,0x2d688cb25520,565,"CompareStub_EQ_STRICT"
code-creation,LazyCompile,0x2d688cb25760,556,"captureStackTrace native messages.js:1113",0x3eba26d323a0,
code-creation,Stub,0x2d688cb259a0,138,"ToBooleanStub_Undefined"
code-creation,LazyCompile,0x2d688cb25140,652," native messages.js:1157",0x3eba26d347b0,
code-creation,LoadIC,0x2d688cb25a40,147,"$Error"
code-creation,LoadIC,0x2d688cb25a40,147,"$Error"
code-creation,LoadIC,0x2d688cb25ae0,147,"kAddMessageAccessorsMarker"
code-creation,LoadIC,0x2d688cb25ae0,147,"kAddMessageAccessorsMarker"
code-creation,CallMiss,0x2d688cb25b80,246,"args_count: 2"
code-creation,CallIC,0x2d688cb25c80,190,"captureStackTrace"
code-creation,LoadIC,0x2d688cb25d40,194,""
code-creation,LoadIC,0x2d688cb25d40,194,""
code-creation,LazyCompile,0x2d688cb25140,652," native messages.js:1157",0x3eba26d347b0,
code-creation,LazyCompile,0x2d688cb25140,652," native messages.js:1157",0x3eba26d347b0,
code-creation,LazyCompile,0x2d688cb25140,652," native messages.js:1157",0x3eba26d347b0,
code-creation,LazyCompile,0x2d688cb25140,652," native messages.js:1157",0x3eba26d347b0,
code-creation,LazyCompile,0x2d688cb25140,652," native messages.js:1157",0x3eba26d347b0,
code-creation,LazyCompile,0x2d688cb25e20,248,"MakeRangeError native messages.js:318",0x3eba26d30a00,
code-creation,LazyCompile,0x2d688cb25f20,372,"MakeGenericError native messages.js:114",0x3eba26d306e0,
code-creation,Stub,0x2d688cb260a0,242,"FastNewContextStub"
code-creation,LazyCompile,0x2d688cb261a0,408,"DefineOneShotAccessor native messages.js:767",0x3eba26d315e0,
code-creation,LoadIC,0x2d688cb26340,194,""
code-creation,LoadIC,0x2d688cb26340,194,""
code-creation,StoreIC,0x2d688cb26420,185,"type"
code-creation,StoreIC,0x2d688cb26420,185,"type"
code-creation,StoreIC,0x2d688cb264e0,185,"arguments"
code-creation,StoreIC,0x2d688cb264e0,185,"arguments"
code-creation,Script,0x2d688cb265a0,368,"native apinatives.js",0x3eba26d352e0,
code-creation,Stub,0x2d688cb26720,258,"FastCloneShallowObjectStub"
code-creation,Script,0x2d688cb26840,1052,"native date.js",0x3eba26d387a8,
code-creation,StoreIC,0x2d688cb26c60,185,"time"
code-creation,StoreIC,0x2d688cb26c60,185,"time"
code-creation,CallInitialize,0x2d688cb26d20,241,"args_count: 0"
code-creation,Stub,0x2d688cb26e20,173,"CompareICStub"
code-creation,LazyCompile,0x2d688cb26ee0,1720," native date.js:145",0x3eba26d38690,
code-creation,LazyCompile,0x2d688cb26ee0,1720," native date.js:145",0x3eba26d38690,
code-creation,CallInitialize,0x2d688cb275a0,255,"args_count: 92"
code-creation,LazyCompile,0x2d688cb276a0,2032,"SetUpDate native date.js:768",0x3eba26d38120,
code-creation,CallPreMonomorphic,0x2d688cb27ea0,255,"args_count: 92"
code-creation,Script,0x2d688cb27fa0,344,"native json.js",0x3eba26d3a510,
code-creation,LazyCompile,0x2d688cb28100,348,"SetUpJSON native json.js:341",0x3eba26d3a358,
code-creation,Script,0x2d688cb28260,564,"native regexp.js",0x3eba26d3b880,
code-creation,CallInitialize,0x2d688cb284a0,246,"args_count: 8"
code-creation,LazyCompile,0x2d688cb285a0,2308,"SetUpRegExp native regexp.js:400",0x3eba26d3b608,
code-creation,LazyCompile,0x2d688cb28ec0,404,"RegExpConstructor native regexp.js:86",0x3eba26d3ad48,
code-creation,LazyCompile,0x2d688cb28ec0,404,"RegExpConstructor native regexp.js:86",0x3eba26d3ad48,
code-creation,CallPreMonomorphic,0x2d688cb29060,246,"args_count: 8"
code-creation,Stub,0x2d688cb29160,1690,"StringAddStub"
code-creation,Stub,0x2d688cb29800,1687,"StringAddStub"
code-creation,Stub,0x2d688cb29ea0,203,"BinaryOpStub_ADD_Alloc_Strings"
code-creation,CallPreMonomorphic,0x2d688cb29f80,244,"args_count: 2"
code-creation,LazyCompile,0x2d688cb2a080,536,"ToPrimitive native runtime.js:506",0x3eba26d19e00,
code-creation,LazyCompile,0x2d688cb2a2a0,496,"ToString native runtime.js:550",0x3eba26d1a080,
code-creation,LazyCompile,0x2d688cb2a4a0,280,"RegExpMakeCaptureGetter native regexp.js:360",0x3eba26d3b568,
code-creation,LoadIC,0x2d688cb2a5c0,147,"$RegExp"
code-creation,LoadIC,0x2d688cb2a5c0,147,"$RegExp"
code-creation,CallMiss,0x2d688cb2a660,246,"args_count: 1"
code-creation,CallIC,0x2d688cb2a760,190,"RegExpMakeCaptureGetter"
snapshot-code-name,6860,"Stub:CompareICStub"
snapshot-pos,0x2d688cb1b7e0,6860
snapshot-code-name,7119,"Stub:CEntryStub"
snapshot-pos,0x2d688cb06300,7119
snapshot-code-name,8128,"Stub:StoreBufferOverflowStub"
snapshot-pos,0x2d688cb06aa0,8128
snapshot-code-name,8372,"Stub:RecordWriteStub"
snapshot-pos,0x2d688cb07ae0,8372
snapshot-code-name,9240,"Stub:CompareICStub"
snapshot-pos,0x2d688cb19520,9240
snapshot-code-name,9487,"Stub:FastCloneShallowArrayStub"
snapshot-pos,0x2d688cb195e0,9487
snapshot-code-name,9813,"Stub:CompareICStub"
snapshot-pos,0x2d688cb24f80,9813
snapshot-code-name,10096,"Stub:RecordWriteStub"
snapshot-pos,0x2d688cb0aae0,10096
snapshot-code-name,12020,"Stub:ToBooleanStub_Undefined"
snapshot-pos,0x2d688cb259a0,12020
snapshot-code-name,12232,"Stub:ToNumberStub"
snapshot-pos,0x2d688cb1c460,12232
snapshot-code-name,12430,"Stub:ToBooleanStub_None"
snapshot-pos,0x2d688cb17a80,12430
snapshot-code-name,12615,"Stub:RecordWriteStub"
snapshot-pos,0x2d688cb084e0,12615
snapshot-code-name,14539,"Stub:NumberToStringStub"
snapshot-pos,0x2d688cb18cc0,14539
snapshot-code-name,14883,"Stub:StringDictionaryLookupStub"
snapshot-pos,0x2d688cb0e3c0,14883
snapshot-code-name,15959,"Stub:CompareICStub"
snapshot-pos,0x2d688cb1b5c0,15959
snapshot-code-name,16241,"Stub:BinaryOpStub_ADD_Alloc_Uninitialized"
snapshot-pos,0x2d688cb1b260,16241
snapshot-code-name,16454,"Stub:StringAddStub"
snapshot-pos,0x2d688cb29160,16454
snapshot-code-name,18279,"Stub:RecordWriteStub"
snapshot-pos,0x2d688cb099e0,18279
snapshot-code-name,20200,"Stub:BinaryOpStub_SAR_Alloc_SMI"
snapshot-pos,0x2d688cb1b6a0,20200
snapshot-code-name,20576,"Stub:FastNewContextStub"
snapshot-pos,0x2d688cb260a0,20576
snapshot-code-name,20902,"Stub:CompareICStub"
snapshot-pos,0x2d688cb193a0,20902
snapshot-code-name,21149,"Stub:StoreBufferOverflowStub"
snapshot-pos,0x2d688cb06b60,21149
snapshot-code-name,21621,"Stub:RecordWriteStub"
snapshot-pos,0x2d688cb092e0,21621
snapshot-code-name,23579,"Stub:StringAddStub"
snapshot-pos,0x2d688cb248e0,23579
snapshot-code-name,25180,"Stub:CompareICStub"
snapshot-pos,0x2d688cb19460,25180
snapshot-code-name,25431,"Stub:RecordWriteStub"
snapshot-pos,0x2d688cb08bc0,25431
snapshot-code-name,27416,"Stub:CallFunctionStub_Args3_Recording"
snapshot-pos,0x2d688cb1ef80,27416
snapshot-code-name,27768,"Builtin:ArgumentsAdaptorTrampoline"
snapshot-pos,0x2d688cb0cee0,27768
snapshot-code-name,28105,"Stub:FastNewContextStub"
snapshot-pos,0x2d688cb1eba0,28105
snapshot-code-name,28427,"Stub:CompareICStub"
snapshot-pos,0x2d688cb178a0,28427
snapshot-code-name,28702,"Stub:InterruptStub"
snapshot-pos,0x2d688cb14460,28702
snapshot-code-name,28882,"Stub:ArgumentsAccessStub_NewNonStrictFast"
snapshot-pos,0x2d688cb17fa0,28882
snapshot-code-name,29467,"Stub:StringDictionaryLookupStub"
snapshot-pos,0x2d688cb0eec0,29467
snapshot-code-name,30546,"Stub:StackCheckStub"
snapshot-pos,0x2d688cb13640,30546
snapshot-code-name,30725,"Stub:FastCloneShallowArrayStub"
snapshot-pos,0x2d688cb17560,30725
snapshot-code-name,31083,"Stub:CompareICStub"
snapshot-pos,0x2d688cb15480,31083
snapshot-code-name,31330,"Stub:CallFunctionStub_Args2_Recording"
snapshot-pos,0x2d688cb1ee40,31330
snapshot-code-name,31713,"Stub:FastCloneShallowObjectStub"
snapshot-pos,0x2d688cb26720,31713
snapshot-code-name,32068,"Stub:ToBooleanStub_SpecObject"
snapshot-pos,0x2d688cb1c8e0,32068
snapshot-code-name,32315,"Stub:BinaryOpStub_ADD_Alloc_SMI"
snapshot-pos,0x2d688cb1ba40,32315
snapshot-code-name,32690,"Stub:CallConstructStub_Recording"
snapshot-pos,0x2d688cb14360,32690
snapshot-code-name,33005,"Stub:CEntryStub"
snapshot-pos,0x2d688cb06620,33005
snapshot-code-name,34374,"Stub:RecordWriteStub"
snapshot-pos,0x2d688cb0b1c0,34374
snapshot-code-name,36327,"Stub:ToBooleanStub_Bool"
snapshot-pos,0x2d688cb20340,36327
snapshot-code-name,36542,"Stub:CompareICStub"
snapshot-pos,0x2d688cb1db60,36542
snapshot-code-name,36789,"Stub:FastCloneShallowArrayStub"
snapshot-pos,0x2d688cb208e0,36789
snapshot-code-name,37112,"Stub:CompareStub_EQ_STRICT"
snapshot-pos,0x2d688cb25520,37112
snapshot-code-name,37740,"Stub:RecordWriteStub"
snapshot-pos,0x2d688cb07400,37740
snapshot-code-name,39662,"Stub:RecordWriteStub"
snapshot-pos,0x2d688cb07e00,39662
snapshot-code-name,41587,"Stub:CallFunctionStub_Args1_Recording"
snapshot-pos,0x2d688cb23a80,41587
snapshot-code-name,41971,"Stub:RecordWriteStub"
snapshot-pos,0x2d688cb0a7c0,41971
snapshot-code-name,42842,"Stub:CompareICStub"
snapshot-pos,0x2d688cb26e20,42842
snapshot-code-name,43089,"Stub:FastCloneShallowArrayStub"
snapshot-pos,0x2d688cb17960,43089
snapshot-code-name,43444,"Stub:FastCloneShallowObjectStub"
snapshot-pos,0x2d688cb1cae0,43444
snapshot-code-name,43758,"Stub:BinaryOpStub_ADD_Alloc_Strings"
snapshot-pos,0x2d688cb29ea0,43758
snapshot-code-name,44013,"Stub:StringAddStub"
snapshot-pos,0x2d688cb29800,44013
snapshot-code-name,45869,"Stub:RecordWriteStub"
snapshot-pos,0x2d688cb06d00,45869
snapshot-code-name,47826,"Stub:StringCompareStub"
snapshot-pos,0x2d688cb15360,47826
snapshot-code-name,48170,"Stub:RecordWriteStub"
snapshot-pos,0x2d688cb0a0c0,48170
snapshot-code-name,50128,"Stub:RecordWriteStub"
snapshot-pos,0x2d688cb0bfe0,50128
snapshot-code-name,52085,"Stub:StringAddStub"
snapshot-pos,0x2d688cb15960,52085
snapshot-code-name,53714,"Stub:BinaryOpStub_SAR_Alloc_Uninitialized"
snapshot-pos,0x2d688cb1b1c0,53714
snapshot-code-name,53929,"Stub:BinaryOpStub_ADD_OverwriteLeft_Uninitialized"
snapshot-pos,0x2d688cb1c3c0,53929
snapshot-code-name,54145,"Stub:BinaryOpStub_SUB_Alloc_Uninitialized"
snapshot-pos,0x2d688cb185a0,54145
snapshot-code-name,54360,"Stub:FastNewClosureStub"
snapshot-pos,0x2d688cb1eca0,54360
snapshot-code-name,54851,"Stub:StringDictionaryLookupStub"
snapshot-pos,0x2d688cb0fce0,54851
snapshot-code-name,55927,"Stub:RecordWriteStub"
snapshot-pos,0x2d688cb23e40,55927
snapshot-code-name,57853,"Stub:RecordWriteStub"
snapshot-pos,0x2d688cb0b8c0,57853
snapshot-code-name,59841,"Stub:JSEntryStub"
snapshot-pos,0x2d688cb06000,59841
snapshot-code-name,60372,"Stub:JSConstructEntryStub"
snapshot-pos,0x2d688cb06180,60372
snapshot-code-name,60904,"Stub:RecordWriteStub"
snapshot-pos,0x2d688cb12780,60904
snapshot-code-name,61744,"Stub:KeyedLoadElementStub"
snapshot-pos,0x2d688cb1b8c0,61744
snapshot-code-name,61996,"Builtin:KeyedLoadIC_MissForceGeneric"
snapshot-pos,0x2d688cb0dfc0,61996
snapshot-code-name,62177,"Stub:BinaryOpStub_ADD_OverwriteLeft_SMI"
snapshot-pos,0x2d688cb1c9a0,62177
snapshot-code-name,62552,"Stub:CallConstructStub"
snapshot-pos,0x2d688cb0d8a0,62552
snapshot-code-name,62823,"Stub:ArgumentsAccessStub_ReadElement"
snapshot-pos,0x2d688cb18640,62823
snapshot-code-name,63102,"Stub:BinaryOpStub_ADD_Alloc_BothStrings"
snapshot-pos,0x2d688cb24ea0,63102
snapshot-code-name,63422,"CallMiss:2"
snapshot-pos,0x2d688cb25b80,63422
snapshot-code-name,63738,"CallInitialize:10"
snapshot-pos,0x2d688cb1ac20,63738
snapshot-code-name,64058,"CallPreMonomorphic:20"
snapshot-pos,0x2d688cb1d420,64058
snapshot-code-name,64374,"CallPreMonomorphic:28"
snapshot-pos,0x2d688cb1d520,64374
snapshot-code-name,64690,"CallPreMonomorphic:38"
snapshot-pos,0x2d688cb1c2c0,64690
snapshot-code-name,65010,"CallInitialize:5"
snapshot-pos,0x2d688cb22900,65010
snapshot-code-name,65329,"CallInitialize:3"
snapshot-pos,0x2d688cb1a000,65329
snapshot-code-name,65648,"CallPreMonomorphic:7"
snapshot-pos,0x2d688cb23680,65648
snapshot-code-name,65964,"CallInitialize:14"
snapshot-pos,0x2d688cb22800,65964
snapshot-code-name,66283,"CallPreMonomorphic:1"
snapshot-pos,0x2d688cb1be00,66283
snapshot-code-name,66599,"CallPreMonomorphic:4"
snapshot-pos,0x2d688cb1d8a0,66599
snapshot-code-name,66918,"CallPreMonomorphic:5"
snapshot-pos,0x2d688cb23880,66918
snapshot-code-name,67234,"CallPreMonomorphic:32"
snapshot-pos,0x2d688cb23980,67234
snapshot-code-name,67553,"CallInitialize:1"
snapshot-pos,0x2d688cb14840,67553
snapshot-code-name,67872,"CallPreMonomorphic:10"
snapshot-pos,0x2d688cb1afc0,67872
snapshot-code-name,68188,"CallPreMonomorphic:0"
snapshot-pos,0x2d688cb1ab20,68188
snapshot-code-name,68504,"CallInitialize:92"
snapshot-pos,0x2d688cb275a0,68504
snapshot-code-name,68820,"CallInitialize:2"
snapshot-pos,0x2d688cb1e340,68820
snapshot-code-name,69136,"CallPreMonomorphic:12"
snapshot-pos,0x2d688cb1c1c0,69136
snapshot-code-name,69452,"CallInitialize:28"
snapshot-pos,0x2d688cb1cea0,69452
snapshot-code-name,69771,"CallPreMonomorphic:8"
snapshot-pos,0x2d688cb29060,69771
snapshot-code-name,70087,"CallPreMonomorphic:2"
snapshot-pos,0x2d688cb1fda0,70087
snapshot-code-name,70403,"CallInitialize:1"
snapshot-pos,0x2d688cb1bb80,70403
snapshot-code-name,70722,"CallInitialize:7"
snapshot-pos,0x2d688cb22700,70722
snapshot-code-name,71038,"CallPreMonomorphic:14"
snapshot-pos,0x2d688cb23780,71038
snapshot-code-name,71358,"CallInitialize:70"
snapshot-pos,0x2d688cb20fc0,71358
snapshot-code-name,71674,"CallInitialize:4"
snapshot-pos,0x2d688cb1d620,71674
snapshot-code-name,71993,"CallInitialize:20"
snapshot-pos,0x2d688cb1cda0,71993
snapshot-code-name,72312,"CallInitialize:42"
snapshot-pos,0x2d688cb1f0c0,72312
snapshot-code-name,72631,"CallPreMonomorphic:3"
snapshot-pos,0x2d688cb1b0c0,72631
snapshot-code-name,72947,"CallInitialize:32"
snapshot-pos,0x2d688cb22a00,72947
snapshot-code-name,73266,"CallPreMonomorphic:42"
snapshot-pos,0x2d688cb206e0,73266
snapshot-code-name,73582,"CallInitialize:38"
snapshot-pos,0x2d688cb19f00,73582
snapshot-code-name,73898,"CallInitialize:0"
snapshot-pos,0x2d688cb26d20,73898
snapshot-code-name,74217,"CallPreMonomorphic:6"
snapshot-pos,0x2d688cb207e0,74217
snapshot-code-name,74536,"CallPreMonomorphic:92"
snapshot-pos,0x2d688cb27ea0,74536
snapshot-code-name,74852,"CallMiss:1"
snapshot-pos,0x2d688cb2a660,74852
snapshot-code-name,75171,"CallPreMonomorphic:70"
snapshot-pos,0x2d688cb21720,75171
snapshot-code-name,75491,"CallMiss:1"
snapshot-pos,0x2d688cb203e0,75491
snapshot-code-name,75807,"CallInitialize:2"
snapshot-pos,0x2d688cb14940,75807
snapshot-code-name,76126,"CallInitialize:8"
snapshot-pos,0x2d688cb284a0,76126
snapshot-code-name,76442,"CallPreMonomorphic:2"
snapshot-pos,0x2d688cb29f80,76442
snapshot-code-name,76762,"CallPreMonomorphic:36"
snapshot-pos,0x2d688cb22600,76762
snapshot-code-name,77081,"CallInitialize:36"
snapshot-pos,0x2d688cb21ee0,77081
snapshot-code-name,77397,"CallPreMonomorphic:1"
snapshot-pos,0x2d688cb20000,77397
snapshot-code-name,77713,"CallInitialize:12"
snapshot-pos,0x2d688cb19e00,77713
snapshot-code-name,78033,"CallInitialize:0"
snapshot-pos,0x2d688cb19d00,78033
snapshot-code-name,78352,"CallInitialize:6"
snapshot-pos,0x2d688cb1f1c0,78352
snapshot-code-name,104815,"Builtin:Return_DebugBreak"
snapshot-pos,0x2d688cb13a80,104815
snapshot-code-name,105048,"Builtin:Slot_DebugBreak"
snapshot-pos,0x2d688cb14180,105048
snapshot-code-name,105365,"Builtin:EmptyFunction"
snapshot-pos,0x2d688cb0c760,105365
snapshot-code-name,105538,"Builtin:JSConstructStubGeneric"
snapshot-pos,0x2d688cb0d320,105538
snapshot-code-name,106434,"Script:native runtime.js"
snapshot-pos,0x2d688cb144e0,106434
snapshot-code-name,107809,"LazyCompile:EQUALS native runtime.js:54"
snapshot-pos,0x2d688cb14a40,107809
snapshot-code-name,115980,"LazyCompile:STRICT_EQUALS native runtime.js:100"
snapshot-pos,0x2d688cb151a0,115980
snapshot-code-name,116730,"LazyCompile:COMPARE native runtime.js:120"
snapshot-pos,0x2d688cb15540,116730
snapshot-code-name,118360,"LazyCompile:ADD native runtime.js:163"
snapshot-pos,0x2d688cb15f40,118360
snapshot-code-name,119563,"LazyCompile:STRING_ADD_LEFT native runtime.js:183"
snapshot-pos,0x2d688cb18de0,119563
snapshot-code-name,120656,"LazyCompile:STRING_ADD_RIGHT native runtime.js:198"
snapshot-pos,0x2d688cb190c0,120656
snapshot-code-name,121742,"LazyCompile:SUB native runtime.js:214"
snapshot-pos,0x2d688cb16200,121742
snapshot-code-name,122469,"LazyCompile:MUL native runtime.js:222"
snapshot-pos,0x2d688cb16380,122469
snapshot-code-name,123153,"LazyCompile:DIV native runtime.js:230"
snapshot-pos,0x2d688cb16500,123153
snapshot-code-name,123837,"LazyCompile:MOD native runtime.js:238"
snapshot-pos,0x2d688cb16680,123837
snapshot-code-name,124521,"LazyCompile:BIT_OR native runtime.js:252"
snapshot-pos,0x2d688cb16800,124521
snapshot-code-name,125205,"LazyCompile:BIT_AND native runtime.js:260"
snapshot-pos,0x2d688cb16980,125205
snapshot-code-name,126023,"LazyCompile:BIT_XOR native runtime.js:282"
snapshot-pos,0x2d688cb16b60,126023
snapshot-code-name,126717,"LazyCompile:UNARY_MINUS native runtime.js:290"
snapshot-pos,0x2d688cb16ce0,126717
snapshot-code-name,127312,"LazyCompile:BIT_NOT native runtime.js:297"
snapshot-pos,0x2d688cb16e20,127312
snapshot-code-name,127907,"LazyCompile:SHL native runtime.js:304"
snapshot-pos,0x2d688cb16f60,127907
snapshot-code-name,128593,"LazyCompile:SAR native runtime.js:312"
snapshot-pos,0x2d688cb170e0,128593
snapshot-code-name,129411,"LazyCompile:SHR native runtime.js:334"
snapshot-pos,0x2d688cb172c0,129411
snapshot-code-name,130097,"LazyCompile:DELETE native runtime.js:348"
snapshot-pos,0x2d688cb17440,130097
snapshot-code-name,130705,"LazyCompile:IN native runtime.js:354"
snapshot-pos,0x2d688cb17680,130705
snapshot-code-name,131699,"LazyCompile:INSTANCE_OF native runtime.js:367"
snapshot-pos,0x2d688cb17b00,131699
snapshot-code-name,132919,"Builtin:KeyedLoadIC_Initialize"
snapshot-pos,0x2d688cb0edc0,132919
snapshot-code-name,133088,"Builtin:LoadIC_Initialize"
snapshot-pos,0x2d688cb0e2c0,133088
snapshot-code-name,133564,"LazyCompile:FILTER_KEY native runtime.js:398"
snapshot-pos,0x2d688cb17e60,133564
snapshot-code-name,134191,"LazyCompile:CALL_NON_FUNCTION native runtime.js:405"
snapshot-pos,0x2d688cb181a0,134191
snapshot-code-name,135165,"LazyCompile:CALL_NON_FUNCTION_AS_CONSTRUCTOR native runtime.js:414"
snapshot-pos,0x2d688cb183a0,135165
snapshot-code-name,136087,"LazyCompile:CALL_FUNCTION_PROXY native runtime.js:423"
snapshot-pos,0x2d688cb18720,136087
snapshot-code-name,136783,"LazyCompile:CALL_FUNCTION_PROXY_AS_CONSTRUCTOR native runtime.js:431"
snapshot-pos,0x2d688cb18880,136783
snapshot-code-name,137405,"LazyCompile:APPLY_PREPARE native runtime.js:438"
snapshot-pos,0x2d688cb196e0,137405
snapshot-code-name,139521,"LazyCompile:APPLY_OVERFLOW native runtime.js:476"
snapshot-pos,0x2d688cb19be0,139521
snapshot-code-name,140120,"LazyCompile:TO_OBJECT native runtime.js:482"
snapshot-pos,0x2d688cb189c0,140120
snapshot-code-name,140639,"LazyCompile:TO_NUMBER native runtime.js:488"
snapshot-pos,0x2d688cb18ac0,140639
snapshot-code-name,141158,"LazyCompile:TO_STRING native runtime.js:494"
snapshot-pos,0x2d688cb18bc0,141158
snapshot-code-name,141646,"LazyCompile:ToPrimitive native runtime.js:506"
snapshot-pos,0x2d688cb2a080,141646
snapshot-code-name,142620,"LazyCompile:ToBoolean native runtime.js:517"
snapshot-pos,0x2d688cb1bf00,142620
snapshot-code-name,143441,"LazyCompile:ToNumber native runtime.js:527"
snapshot-pos,0x2d688cb1dc20,143441
snapshot-code-name,144311,"Builtin:LazyCompile"
snapshot-pos,0x2d688cb0da40,144311
snapshot-code-name,144600,"LazyCompile:ToString native runtime.js:550"
snapshot-pos,0x2d688cb2a2a0,144600
snapshot-code-name,146835,"Script:native json.js"
snapshot-pos,0x2d688cb27fa0,146835
snapshot-code-name,151488,"LazyCompile:SetUpJSON native json.js:341"
snapshot-pos,0x2d688cb28100,151488
snapshot-code-name,152451,"Script:native regexp.js"
snapshot-pos,0x2d688cb28260,152451
snapshot-code-name,157428,"LazyCompile:RegExpConstructor native regexp.js:86"
snapshot-pos,0x2d688cb28ec0,157428
snapshot-code-name,159800,"LazyCompile:RegExpMakeCaptureGetter native regexp.js:360"
snapshot-pos,0x2d688cb2a4a0,159800
snapshot-code-name,160552,"LazyCompile:SetUpRegExp native regexp.js:400"
snapshot-pos,0x2d688cb285a0,160552
snapshot-code-name,165857,"Script:native math.js"
snapshot-pos,0x2d688cb21b60,165857
snapshot-code-name,166832,"LazyCompile:MathConstructor native math.js:37"
snapshot-pos,0x2d688cb21e00,166832
snapshot-code-name,172549,"LazyCompile:SetUpMath native math.js:223"
snapshot-pos,0x2d688cb21fe0,172549
snapshot-code-name,175538,"Builtin:StoreIC_Initialize"
snapshot-pos,0x2d688cb0fb80,175538
snapshot-code-name,175933,"Script:native array.js"
snapshot-pos,0x2d688cb1ea40,175933
snapshot-code-name,193666,"LazyCompile:SetUpArray native array.js:1494"
snapshot-pos,0x2d688cb1f2c0,193666
snapshot-code-name,197528,"LazyCompile:SetUpArray.b native array.js:1507"
snapshot-pos,0x2d688cb1fea0,197528
snapshot-code-name,199490,"Script:native date.js"
snapshot-pos,0x2d688cb26840,199490
snapshot-code-name,217743,"LazyCompile:SetUpDate native date.js:768"
snapshot-pos,0x2d688cb276a0,217743
snapshot-code-name,221367,"LazyCompile: native date.js:145"
snapshot-pos,0x2d688cb26ee0,221367
snapshot-code-name,225651,"Script:native v8natives.js"
snapshot-pos,0x2d688cb1a100,225651
snapshot-code-name,228878,"LazyCompile:InstallFunctions native v8natives.js:48"
snapshot-pos,0x2d688cb1b300,228878
snapshot-code-name,243617,"LazyCompile:SetUpLockedPrototype native v8natives.js:67"
snapshot-pos,0x2d688cb1c500,243617
snapshot-code-name,245971,"LazyCompile:SetUpGlobal native v8natives.js:177"
snapshot-pos,0x2d688cb1ad20,245971
snapshot-code-name,247576,"LazyCompile:hasOwnProperty native v8natives.js:249"
snapshot-pos,0x2d688cb20100,247576
snapshot-code-name,254870,"LazyCompile:SetUpObject native v8natives.js:1286"
snapshot-pos,0x2d688cb1cfa0,254870
snapshot-code-name,257174,"LazyCompile:SetUpBoolean native v8natives.js:1351"
snapshot-pos,0x2d688cb1d720,257174
snapshot-code-name,258910,"LazyCompile:SetUpNumber native v8natives.js:1489"
snapshot-pos,0x2d688cb1de40,258910
snapshot-code-name,261733,"LazyCompile:NewFunction native v8natives.js:1640"
snapshot-pos,0x2d688cb1e440,261733
snapshot-code-name,263225,"Builtin:KeyedStoreIC_Initialize"
snapshot-pos,0x2d688cb10a00,263225
snapshot-code-name,263998,"LazyCompile:SetUpFunction native v8natives.js:1668"
snapshot-pos,0x2d688cb1e8c0,263998
snapshot-code-name,264789,"LazyCompile: native v8natives.js:205"
snapshot-pos,0x2d688cb1bc80,264789
snapshot-code-name,269136,"LazyCompile: native v8natives.js:1271"
snapshot-pos,0x2d688cb1cbe0,269136
snapshot-code-name,269925,"LazyCompile: native v8natives.js:1366"
snapshot-pos,0x2d688cb1d9a0,269925
snapshot-code-name,270955,"Script:native messages.js"
snapshot-pos,0x2d688cb22b00,270955
snapshot-code-name,285348,"LazyCompile:MakeGenericError native messages.js:114"
snapshot-pos,0x2d688cb25f20,285348
snapshot-code-name,286582,"LazyCompile:MakeRangeError native messages.js:318"
snapshot-pos,0x2d688cb25e20,286582
snapshot-code-name,289920,"LazyCompile:DefineOneShotAccessor native messages.js:767"
snapshot-pos,0x2d688cb261a0,289920
snapshot-code-name,293847,"LazyCompile:captureStackTrace native messages.js:1113"
snapshot-pos,0x2d688cb25760,293847
snapshot-code-name,295031,"LazyCompile:SetUpError native messages.js:1128"
snapshot-pos,0x2d688cb23bc0,295031
snapshot-code-name,295920,"LazyCompile:SetUpError.a native messages.js:1131"
snapshot-pos,0x2d688cb24520,295920
snapshot-code-name,297237,"LazyCompile:d native messages.js:1147"
snapshot-pos,0x2d688cb25060,297237
snapshot-code-name,297816,"LazyCompile: native messages.js:1157"
snapshot-pos,0x2d688cb25140,297816
snapshot-code-name,300964,"LazyCompile: native messages.js:131"
snapshot-pos,0x2d688cb23560,300964
snapshot-code-name,303561,"Script:native apinatives.js"
snapshot-pos,0x2d688cb265a0,303561
snapshot-code-name,305056,"Script:native string.js"
snapshot-pos,0x2d688cb209e0,305056
snapshot-code-name,320807,"LazyCompile:SetUpString native string.js:940"
snapshot-pos,0x2d688cb210c0,320807
snapshot-code-name,323552,"LazyCompile: native string.js:36"
snapshot-pos,0x2d688cb20de0,323552
snapshot-code-name,325227,"Script:native uri.js"
snapshot-pos,0x2d688cb21820,325227
snapshot-code-name,331736,"LazyCompile:SetUpUri native uri.js:410"
snapshot-pos,0x2d688cb21980,331736
snapshot-code-name,332938,"Builtin:Illegal"
snapshot-pos,0x2d688cb0c6e0,332938
snapshot-code-name,333103,"Builtin:InternalArrayCodeGeneric"
snapshot-pos,0x2d688cb0c7e0,333103
snapshot-code-name,333265,"Builtin:ArrayCodeGeneric"
snapshot-pos,0x2d688cb0c860,333265
snapshot-code-name,333427,"Builtin:ArrayPush"
snapshot-pos,0x2d688cb0c8e0,333427
snapshot-code-name,333589,"Builtin:ArrayPop"
snapshot-pos,0x2d688cb0c960,333589
snapshot-code-name,333751,"Builtin:ArrayShift"
snapshot-pos,0x2d688cb0c9e0,333751
snapshot-code-name,333913,"Builtin:ArrayUnshift"
snapshot-pos,0x2d688cb0ca60,333913
snapshot-code-name,334075,"Builtin:ArraySlice"
snapshot-pos,0x2d688cb0cae0,334075
snapshot-code-name,334237,"Builtin:ArraySplice"
snapshot-pos,0x2d688cb0cb60,334237
snapshot-code-name,334399,"Builtin:ArrayConcat"
snapshot-pos,0x2d688cb0cbe0,334399
snapshot-code-name,334561,"Builtin:HandleApiCall"
snapshot-pos,0x2d688cb0cc60,334561
snapshot-code-name,334723,"Builtin:HandleApiCallConstruct"
snapshot-pos,0x2d688cb0cce0,334723
snapshot-code-name,334885,"Builtin:HandleApiCallAsFunction"
snapshot-pos,0x2d688cb0cd60,334885
snapshot-code-name,335047,"Builtin:HandleApiCallAsConstructor"
snapshot-pos,0x2d688cb0cde0,335047
snapshot-code-name,335209,"Builtin:StrictModePoisonPill"
snapshot-pos,0x2d688cb0ce60,335209
snapshot-code-name,335374,"Builtin:InRecompileQueue"
snapshot-pos,0x2d688cb0d000,335374
snapshot-code-name,335521,"Builtin:JSConstructStubCountdown"
snapshot-pos,0x2d688cb0d080,335521
snapshot-code-name,336297,"Builtin:JSConstructStubApi"
snapshot-pos,0x2d688cb0d580,336297
snapshot-code-name,336963,"Builtin:JSEntryTrampoline"
snapshot-pos,0x2d688cb0d7c0,336963
snapshot-code-name,337220,"Builtin:JSConstructEntryTrampoline"
snapshot-pos,0x2d688cb0d980,337220
snapshot-code-name,337448,"Builtin:LazyRecompile"
snapshot-pos,0x2d688cb0dae0,337448
snapshot-code-name,337646,"Builtin:ParallelRecompile"
snapshot-pos,0x2d688cb0db80,337646
snapshot-code-name,337876,"Builtin:NotifyDeoptimized"
snapshot-pos,0x2d688cb0dc40,337876
snapshot-code-name,338155,"Builtin:NotifyLazyDeoptimized"
snapshot-pos,0x2d688cb0dd20,338155
snapshot-code-name,338434,"Builtin:NotifyOSR"
snapshot-pos,0x2d688cb0de00,338434
snapshot-code-name,338664,"Builtin:LoadIC_Miss"
snapshot-pos,0x2d688cb0dec0,338664
snapshot-code-name,338826,"Builtin:KeyedLoadIC_Miss"
snapshot-pos,0x2d688cb0df40,338826
snapshot-code-name,338991,"Builtin:KeyedLoadIC_Slow"
snapshot-pos,0x2d688cb0e040,338991
snapshot-code-name,339153,"Builtin:StoreIC_Miss"
snapshot-pos,0x2d688cb0e0c0,339153
snapshot-code-name,339316,"Builtin:KeyedStoreIC_Miss"
snapshot-pos,0x2d688cb0e140,339316
snapshot-code-name,339479,"Builtin:KeyedStoreIC_MissForceGeneric"
snapshot-pos,0x2d688cb0e1c0,339479
snapshot-code-name,339642,"Builtin:KeyedStoreIC_Slow"
snapshot-pos,0x2d688cb0e240,339642
snapshot-code-name,339808,"Builtin:LoadIC_PreMonomorphic"
snapshot-pos,0x2d688cb0e340,339808
snapshot-code-name,339970,"Builtin:LoadIC_Normal"
snapshot-pos,0x2d688cb0e7a0,339970
snapshot-code-name,340393,"Builtin:LoadIC_ArrayLength"
snapshot-pos,0x2d688cb0e920,340393
snapshot-code-name,340549,"Builtin:LoadIC_StringLength"
snapshot-pos,0x2d688cb0e9a0,340549
snapshot-code-name,340739,"Builtin:LoadIC_StringWrapperLength"
snapshot-pos,0x2d688cb0ea40,340739
snapshot-code-name,340961,"Builtin:LoadIC_FunctionPrototype"
snapshot-pos,0x2d688cb0eb00,340961
snapshot-code-name,341183,"Builtin:LoadIC_Megamorphic"
snapshot-pos,0x2d688cb0ebc0,341183
snapshot-code-name,341594,"Builtin:LoadIC_Getter_ForDeopt"
snapshot-pos,0x2d688cb0ed20,341594
snapshot-code-name,341786,"Builtin:KeyedLoadIC_PreMonomorphic"
snapshot-pos,0x2d688cb0ee40,341786
snapshot-code-name,341949,"Builtin:KeyedLoadIC_Generic"
snapshot-pos,0x2d688cb0f2a0,341949
snapshot-code-name,343052,"Builtin:KeyedLoadIC_String"
snapshot-pos,0x2d688cb0f6a0,343052
snapshot-code-name,343924,"Builtin:KeyedLoadIC_IndexedInterceptor"
snapshot-pos,0x2d688cb0f980,343924
snapshot-code-name,344160,"Builtin:KeyedLoadIC_NonStrictArguments"
snapshot-pos,0x2d688cb0fa40,344160
snapshot-code-name,344534,"Builtin:StoreIC_ArrayLength"
snapshot-pos,0x2d688cb0fc00,344534
snapshot-code-name,344802,"Builtin:StoreIC_Normal"
snapshot-pos,0x2d688cb100c0,344802
snapshot-code-name,345302,"Builtin:StoreIC_Megamorphic"
snapshot-pos,0x2d688cb10280,345302
snapshot-code-name,345719,"Builtin:StoreIC_GlobalProxy"
snapshot-pos,0x2d688cb103e0,345719
snapshot-code-name,345883,"Builtin:StoreIC_Initialize_Strict"
snapshot-pos,0x2d688cb10460,345883
snapshot-code-name,346047,"Builtin:StoreIC_ArrayLength_Strict"
snapshot-pos,0x2d688cb104e0,346047
snapshot-code-name,346317,"Builtin:StoreIC_Normal_Strict"
snapshot-pos,0x2d688cb105c0,346317
snapshot-code-name,346818,"Builtin:StoreIC_Megamorphic_Strict"
snapshot-pos,0x2d688cb10780,346818
snapshot-code-name,347235,"Builtin:StoreIC_GlobalProxy_Strict"
snapshot-pos,0x2d688cb108e0,347235
snapshot-code-name,347399,"Builtin:StoreIC_Setter_ForDeopt"
snapshot-pos,0x2d688cb10960,347399
snapshot-code-name,347592,"Builtin:KeyedStoreIC_Generic"
snapshot-pos,0x2d688cb10a80,347592
snapshot-code-name,350286,"Builtin:KeyedStoreIC_Initialize_Strict"
snapshot-pos,0x2d688cb11400,350286
snapshot-code-name,350451,"Builtin:KeyedStoreIC_Generic_Strict"
snapshot-pos,0x2d688cb11480,350451
snapshot-code-name,353145,"Builtin:KeyedStoreIC_NonStrictArguments"
snapshot-pos,0x2d688cb11e00,353145
snapshot-code-name,353624,"Builtin:TransitionElementsSmiToDouble"
snapshot-pos,0x2d688cb11fa0,353624
snapshot-code-name,354183,"Builtin:TransitionElementsDoubleToObject"
snapshot-pos,0x2d688cb12180,354183
snapshot-code-name,354777,"Builtin:FunctionCall"
snapshot-pos,0x2d688cb12380,354777
snapshot-code-name,355344,"Builtin:FunctionApply"
snapshot-pos,0x2d688cb12580,355344
snapshot-code-name,355901,"Builtin:InternalArrayCode"
snapshot-pos,0x2d688cb12a80,355901
snapshot-code-name,356830,"Builtin:ArrayCode"
snapshot-pos,0x2d688cb12dc0,356830
snapshot-code-name,357759,"Builtin:ArrayConstructCode"
snapshot-pos,0x2d688cb13100,357759
snapshot-code-name,358688,"Builtin:StringConstructCode"
snapshot-pos,0x2d688cb13440,358688
snapshot-code-name,359275,"Builtin:OnStackReplacement"
snapshot-pos,0x2d688cb136c0,359275
snapshot-code-name,360316,"Builtin:CallFunctionStub_DebugBreak"
snapshot-pos,0x2d688cb13b40,360316
snapshot-code-name,360550,"Builtin:CallFunctionStub_Recording_DebugBreak"
snapshot-pos,0x2d688cb13c00,360550
snapshot-code-name,360784,"Builtin:CallConstructStub_DebugBreak"
snapshot-pos,0x2d688cb13cc0,360784
snapshot-code-name,361050,"Builtin:CallConstructStub_Recording_DebugBreak"
snapshot-pos,0x2d688cb13da0,361050
snapshot-code-name,361316,"Builtin:LoadIC_DebugBreak"
snapshot-pos,0x2d688cb13e80,361316
snapshot-code-name,361550,"Builtin:KeyedLoadIC_DebugBreak"
snapshot-pos,0x2d688cb13f40,361550
snapshot-code-name,361784,"Builtin:StoreIC_DebugBreak"
snapshot-pos,0x2d688cb14000,361784
snapshot-code-name,362018,"Builtin:KeyedStoreIC_DebugBreak"
snapshot-pos,0x2d688cb140c0,362018
snapshot-code-name,362255,"Builtin:PlainReturn_LiveEdit"
snapshot-pos,0x2d688cb14240,362255
snapshot-code-name,362401,"Builtin:FrameDropper_LiveEdit"
snapshot-pos,0x2d688cb142c0,362401
